Temp/gradleOut/launcher/build/intermediates/manifest_merge_blame_file/release/manifest-merger-blame-release-report.txt
1<?xml version="1.0" encoding="utf-8"?>
2<!-- GENERATED BY UNITY. REMOVE THIS COMMENT TO PREVENT OVERWRITING WHEN EXPORTING AGAIN -->
3<manifest xmlns:android="http://schemas.android.com/apk/res/android"
4    package="com.Button.hgh"
5    android:installLocation="preferExternal"
6    android:versionCode="1"
7    android:versionName="0.1" >
8
9    <uses-sdk
10        android:minSdkVersion="27"
10-->src\main\AndroidManifest.xml
11        android:targetSdkVersion="31" />
11-->src\main\AndroidManifest.xml
12
13    <supports-screens
13-->src\main\AndroidManifest.xml:4:3-163
14        android:anyDensity="true"
14-->src\main\AndroidManifest.xml:4:135-160
15        android:largeScreens="true"
15-->src\main\AndroidManifest.xml:4:78-105
16        android:normalScreens="true"
16-->src\main\AndroidManifest.xml:4:49-77
17        android:smallScreens="true"
17-->src\main\AndroidManifest.xml:4:21-48
18        android:xlargeScreens="true" />
18-->src\main\AndroidManifest.xml:4:106-134
19
20    <uses-feature
20-->[:unityLibrary] AndroidManifest.xml:13:5-54
21        android:glEsVersion="0x00030000"
21-->[:unityLibrary] AndroidManifest.xml:13:19-51
22        android:required="true" />
22-->[:GfxPluginCardboard:] AndroidManifest.xml:13:9-32
23
24    <uses-permission android:name="android.permission.INTERNET" />
24-->[:unityLibrary] AndroidManifest.xml:15:5-67
24-->[:unityLibrary] AndroidManifest.xml:15:22-64
25
26    <uses-feature
26-->[:unityLibrary] AndroidManifest.xml:17:5-19:36
27        android:name="android.hardware.touchscreen"
27-->[:unityLibrary] AndroidManifest.xml:18:9-52
28        android:required="false" />
28-->[:unityLibrary] AndroidManifest.xml:19:9-33
29    <uses-feature
29-->[:unityLibrary] AndroidManifest.xml:20:5-22:36
30        android:name="android.hardware.touchscreen.multitouch"
30-->[:unityLibrary] AndroidManifest.xml:21:9-63
31        android:required="false" />
31-->[:unityLibrary] AndroidManifest.xml:22:9-33
32    <uses-feature
32-->[:unityLibrary] AndroidManifest.xml:23:5-25:36
33        android:name="android.hardware.touchscreen.multitouch.distinct"
33-->[:unityLibrary] AndroidManifest.xml:24:9-72
34        android:required="false" />
34-->[:unityLibrary] AndroidManifest.xml:25:9-33
35
36    <uses-permission android:name="android.permission.CAMERA" />
36-->[:GfxPluginCardboard:] AndroidManifest.xml:15:5-65
36-->[:GfxPluginCardboard:] AndroidManifest.xml:15:22-62
37    <uses-permission android:name="android.permission.WRITE_EXTERNAL_STORAGE" />
37-->[:GfxPluginCardboard:] AndroidManifest.xml:16:5-81
37-->[:GfxPluginCardboard:] AndroidManifest.xml:16:22-78
38    <uses-permission android:name="android.permission.NFC" />
38-->[:GfxPluginCardboard:] AndroidManifest.xml:18:5-62
38-->[:GfxPluginCardboard:] AndroidManifest.xml:18:22-59
39    <uses-permission android:name="android.permission.READ_EXTERNAL_STORAGE" />
40
41    <application
41-->src\main\AndroidManifest.xml:5:3-116
42        android:appComponentFactory="androidx.core.app.CoreComponentFactory"
42-->[androidx.core:core:1.7.0] AndroidManifest.xml:24:18-86
43        android:extractNativeLibs="true"
43-->src\main\AndroidManifest.xml:5:16-48
44        android:icon="@mipmap/app_icon"
44-->src\main\AndroidManifest.xml:5:82-113
45        android:label="@string/app_name" >
45-->src\main\AndroidManifest.xml:5:49-81
46        <activity
46-->[:unityLibrary] AndroidManifest.xml:28:9-49:20
47            android:name="com.unity3d.player.UnityPlayerActivity"
47-->[:unityLibrary] AndroidManifest.xml:29:13-66
48            android:configChanges="mcc|mnc|locale|touchscreen|keyboard|keyboardHidden|navigation|orientation|screenLayout|uiMode|screenSize|smallestScreenSize|fontScale|layoutDirection|density"
48-->[:unityLibrary] AndroidManifest.xml:30:13-194
49            android:exported="true"
49-->[:unityLibrary] AndroidManifest.xml:31:13-36
50            android:hardwareAccelerated="false"
50-->[:unityLibrary] AndroidManifest.xml:32:13-48
51            android:launchMode="singleTask"
51-->[:unityLibrary] AndroidManifest.xml:33:13-44
52            android:resizeableActivity="false"
52-->[:unityLibrary] AndroidManifest.xml:34:13-47
53            android:screenOrientation="reverseLandscape"
53-->[:unityLibrary] AndroidManifest.xml:35:13-57
54            android:theme="@style/UnityThemeSelector" >
54-->[:unityLibrary] AndroidManifest.xml:36:13-54
55            <intent-filter>
55-->[:unityLibrary] AndroidManifest.xml:37:13-41:29
56                <action android:name="android.intent.action.MAIN" />
56-->[:unityLibrary] AndroidManifest.xml:38:17-69
56-->[:unityLibrary] AndroidManifest.xml:38:25-66
57
58                <category android:name="android.intent.category.LAUNCHER" />
58-->[:unityLibrary] AndroidManifest.xml:40:17-77
58-->[:unityLibrary] AndroidManifest.xml:40:27-74
59            </intent-filter>
60
61            <meta-data
61-->[:unityLibrary] AndroidManifest.xml:43:13-45:40
62                android:name="unityplayer.UnityActivity"
62-->[:unityLibrary] AndroidManifest.xml:44:17-57
63                android:value="true" />
63-->[:unityLibrary] AndroidManifest.xml:45:17-37
64            <meta-data
64-->[:unityLibrary] AndroidManifest.xml:46:13-48:40
65                android:name="android.notch_support"
65-->[:unityLibrary] AndroidManifest.xml:47:17-53
66                android:value="true" />
66-->[:unityLibrary] AndroidManifest.xml:48:17-37
67        </activity>
68
69        <meta-data
69-->[:unityLibrary] AndroidManifest.xml:51:9-53:33
70            android:name="unity.splash-mode"
70-->[:unityLibrary] AndroidManifest.xml:52:13-45
71            android:value="0" />
71-->[:unityLibrary] AndroidManifest.xml:53:13-30
72        <meta-data
72-->[:unityLibrary] AndroidManifest.xml:54:9-56:36
73            android:name="unity.splash-enable"
73-->[:unityLibrary] AndroidManifest.xml:55:13-47
74            android:value="True" />
74-->[:unityLibrary] AndroidManifest.xml:56:13-33
75        <meta-data
75-->[:unityLibrary] AndroidManifest.xml:57:9-59:36
76            android:name="unity.launch-fullscreen"
76-->[:unityLibrary] AndroidManifest.xml:58:13-51
77            android:value="True" />
77-->[:unityLibrary] AndroidManifest.xml:59:13-33
78        <meta-data
78-->[:unityLibrary] AndroidManifest.xml:60:9-62:37
79            android:name="unity.allow-resizable-window"
79-->[:unityLibrary] AndroidManifest.xml:61:13-56
80            android:value="False" />
80-->[:unityLibrary] AndroidManifest.xml:62:13-34
81        <meta-data
81-->[:unityLibrary] AndroidManifest.xml:63:9-65:50
82            android:name="notch.config"
82-->[:unityLibrary] AndroidManifest.xml:64:13-40
83            android:value="portrait|landscape" />
83-->[:unityLibrary] AndroidManifest.xml:65:13-47
84        <meta-data
84-->[:unityLibrary] AndroidManifest.xml:66:9-68:68
85            android:name="unity.build-id"
85-->[:unityLibrary] AndroidManifest.xml:67:13-42
86            android:value="58e82203-5168-49b6-b6e1-18ea8941e274" />
86-->[:unityLibrary] AndroidManifest.xml:68:13-65
87
88        <activity
88-->[:GfxPluginCardboard:] AndroidManifest.xml:21:9-25:66
89            android:name="com.google.cardboard.sdk.QrCodeCaptureActivity"
89-->[:GfxPluginCardboard:] AndroidManifest.xml:22:13-74
90            android:exported="false"
90-->[:GfxPluginCardboard:] AndroidManifest.xml:23:13-37
91            android:label="@string/title_activity_qr_code_capture"
91-->[:GfxPluginCardboard:] AndroidManifest.xml:24:13-67
92            android:theme="@style/Theme.AppCompat.NoActionBar" />
92-->[:GfxPluginCardboard:] AndroidManifest.xml:25:13-63
93        <!--
94          Activity whose sole purpose is to update Cardboard device params when a Cardboard V1
95          NFC tag is detected.
96        -->
97        <activity
97-->[:GfxPluginCardboard:] AndroidManifest.xml:31:9-44:20
98            android:name="com.google.cardboard.sdk.HeadsetDetectionActivity"
98-->[:GfxPluginCardboard:] AndroidManifest.xml:32:13-77
99            android:exported="true"
99-->[:GfxPluginCardboard:] AndroidManifest.xml:33:13-36
100            android:label="@string/headset_detection_activity_title" >
100-->[:GfxPluginCardboard:] AndroidManifest.xml:34:13-69
101
102            <!-- Handles the Cardboard V1 NFC tag released at Google I/O 2014. -->
103            <intent-filter>
103-->[:GfxPluginCardboard:] AndroidManifest.xml:37:13-43:29
104                <action android:name="android.nfc.action.NDEF_DISCOVERED" />
104-->[:GfxPluginCardboard:] AndroidManifest.xml:38:17-77
104-->[:GfxPluginCardboard:] AndroidManifest.xml:38:25-74
105
106                <category android:name="android.intent.category.DEFAULT" />
106-->[:GfxPluginCardboard:] AndroidManifest.xml:40:17-76
106-->[:GfxPluginCardboard:] AndroidManifest.xml:40:27-73
107
108                <data android:scheme="cardboard" />
108-->[:GfxPluginCardboard:] AndroidManifest.xml:42:17-52
108-->[:GfxPluginCardboard:] AndroidManifest.xml:42:23-49
109            </intent-filter>
110        </activity>
111        <activity
111-->[com.google.android.gms:play-services-base:17.4.0] AndroidManifest.xml:23:9-26:75
112            android:name="com.google.android.gms.common.api.GoogleApiActivity"
112-->[com.google.android.gms:play-services-base:17.4.0] AndroidManifest.xml:24:13-79
113            android:exported="false"
113-->[com.google.android.gms:play-services-base:17.4.0] AndroidManifest.xml:25:13-37
114            android:theme="@android:style/Theme.Translucent.NoTitleBar" />
114-->[com.google.android.gms:play-services-base:17.4.0] AndroidManifest.xml:26:13-72
115
116        <meta-data
116-->[com.google.android.gms:play-services-basement:17.4.0] AndroidManifest.xml:23:9-25:69
117            android:name="com.google.android.gms.version"
117-->[com.google.android.gms:play-services-basement:17.4.0] AndroidManifest.xml:24:13-58
118            android:value="@integer/google_play_services_version" />
118-->[com.google.android.gms:play-services-basement:17.4.0] AndroidManifest.xml:25:13-66
119
120        <provider
120-->[androidx.emoji2:emoji2:1.0.0] AndroidManifest.xml:26:9-34:20
121            android:name="androidx.startup.InitializationProvider"
121-->[androidx.emoji2:emoji2:1.0.0] AndroidManifest.xml:27:13-67
122            android:authorities="com.Button.hgh.androidx-startup"
122-->[androidx.emoji2:emoji2:1.0.0] AndroidManifest.xml:28:13-68
123            android:exported="false" >
123-->[androidx.emoji2:emoji2:1.0.0] AndroidManifest.xml:29:13-37
124            <meta-data
124-->[androidx.emoji2:emoji2:1.0.0] AndroidManifest.xml:31:13-33:52
125                android:name="androidx.emoji2.text.EmojiCompatInitializer"
125-->[androidx.emoji2:emoji2:1.0.0] AndroidManifest.xml:32:17-75
126                android:value="androidx.startup" />
126-->[androidx.emoji2:emoji2:1.0.0] AndroidManifest.xml:33:17-49
127            <meta-data
127-->[androidx.lifecycle:lifecycle-process:2.4.0] AndroidManifest.xml:31:13-33:52
128                android:name="androidx.lifecycle.ProcessLifecycleInitializer"
128-->[androidx.lifecycle:lifecycle-process:2.4.0] AndroidManifest.xml:32:17-78
129                android:value="androidx.startup" />
129-->[androidx.lifecycle:lifecycle-process:2.4.0] AndroidManifest.xml:33:17-49
130        </provider>
131    </application>
132
133</manifest>